\BOOKMARK [1][-]{section.1}{Pr\351sentation du probl\350me}{}% 1
\BOOKMARK [2][-]{subsection.1.1}{Probl\350me math\351matique associ\351}{section.1}% 2
\BOOKMARK [2][-]{subsection.1.2}{R\351solution et \351quivalence avec l'\351quation de poisson}{section.1}% 3
\BOOKMARK [1][-]{section.2}{R\351solution}{}% 4
\BOOKMARK [2][-]{subsubsection.2.0.1}{Qu'est qu'une image}{section.2}% 5
\BOOKMARK [2][-]{subsection.2.1}{Discr\351tisation}{section.2}% 6
\BOOKMARK [2][-]{subsection.2.2}{Notations}{section.2}% 7
\BOOKMARK [2][-]{subsection.2.3}{M\351thode des diff\351rences finies}{section.2}% 8
\BOOKMARK [3][-]{subsubsection.2.3.1}{Discr\351tisation du Laplacien}{subsection.2.3}% 9
\BOOKMARK [3][-]{subsubsection.2.3.2}{R\351solution de l'\351quation de Poisson}{subsection.2.3}% 10
\BOOKMARK [2][-]{subsection.2.4}{Exemple}{section.2}% 11
\BOOKMARK [2][-]{subsection.2.5}{Fourier}{section.2}% 12
\BOOKMARK [3][-]{subsubsection.2.5.1}{Rappel et d\351finitions des op\351rateurs}{subsection.2.5}% 13
\BOOKMARK [3][-]{subsubsection.2.5.2}{R\351solution de la m\351thode Fourier}{subsection.2.5}% 14
\BOOKMARK [1][-]{section.3}{Impl\351mentation}{}% 15
\BOOKMARK [2][-]{subsection.3.1}{Interface}{section.3}% 16
\BOOKMARK [3][-]{subsubsection.3.1.1}{Ouverture d'images}{subsection.3.1}% 17
\BOOKMARK [3][-]{subsubsection.3.1.2}{S\351lection}{subsection.3.1}% 18
\BOOKMARK [3][-]{subsubsection.3.1.3}{Choix des m\351thodes}{subsection.3.1}% 19
\BOOKMARK [3][-]{subsubsection.3.1.4}{Diff\351rences finies}{subsection.3.1}% 20
\BOOKMARK [3][-]{subsubsection.3.1.5}{Options}{subsection.3.1}% 21
\BOOKMARK [3][-]{subsubsection.3.1.6}{Sliders}{subsection.3.1}% 22
\BOOKMARK [2][-]{subsection.3.2}{Organisation du code}{section.3}% 23
\BOOKMARK [1][-]{section.4}{R\351sultats obtenus}{}% 24
\BOOKMARK [1][-]{section.5}{Comparaison}{}% 25
\BOOKMARK [2][-]{subsection.5.1}{Diff\351rences de r\351sultat}{section.5}% 26
\BOOKMARK [2][-]{subsection.5.2}{Diff\351rence de temps}{section.5}% 27
\BOOKMARK [1][-]{section.6}{Optimisation}{}% 28
\BOOKMARK [2][-]{subsection.6.1}{M\351thode de Douglas}{section.6}% 29
\BOOKMARK [3][-]{subsubsection.6.1.1}{D'un probl\350me avec contraintes...}{subsection.6.1}% 30
\BOOKMARK [3][-]{subsubsection.6.1.2}{... \300 un probl\350me sans contraintes}{subsection.6.1}% 31
\BOOKMARK [3][-]{subsubsection.6.1.3}{La convexit\351...}{subsection.6.1}% 32
\BOOKMARK [3][-]{subsubsection.6.1.4}{... Pour utiliser l'algorithme de Douglas...}{subsection.6.1}% 33
\BOOKMARK [3][-]{subsubsection.6.1.5}{... Avec les op\351rateurs proximaux ...}{subsection.6.1}% 34
\BOOKMARK [3][-]{subsubsection.6.1.6}{R\351sultats obtenus}{subsection.6.1}% 35
\BOOKMARK [3][-]{subsubsection.6.1.7}{Temps et co\373t de l'algorithme}{subsection.6.1}% 36
\BOOKMARK [1][-]{section.7}{Conclusion}{}% 37
